mar. 04, 2025 6:55:33 PM liquibase.changelog
INFO: Reading resource: db/changelog/migrations/db.changelog-202503041840.sql
mar. 04, 2025 6:55:34 PM liquibase.changelog
INFO: Creating database history table with name: board.databasechangelog
mar. 04, 2025 6:55:34 PM liquibase.changelog
INFO: Reading from board.databasechangelog
mar. 04, 2025 6:55:35 PM liquibase.lockservice
INFO: Successfully acquired change log lock
mar. 04, 2025 6:55:35 PM liquibase.command
INFO: Using deploymentId: 1125335542
mar. 04, 2025 6:55:35 PM liquibase.changelog
INFO: Reading from board.databasechangelog
Running Changeset: db/changelog/migrations/db.changelog-202503041840.sql::202503041840::vanessa
mar. 04, 2025 6:55:35 PM liquibase.changelog
INFO: Custom SQL executed
mar. 04, 2025 6:55:35 PM liquibase.changelog
INFO: ChangeSet db/changelog/migrations/db.changelog-202503041840.sql::202503041840::vanessa ran successfully in 168ms

UPDATE SUMMARY
Run:                          1
Previously run:               0
Filtered out:                 0
-------------------------------
Total change sets:            1

mar. 04, 2025 6:55:35 PM liquibase.util
INFO: UPDATE SUMMARY
mar. 04, 2025 6:55:35 PM liquibase.util
INFO: Run:                          1
mar. 04, 2025 6:55:35 PM liquibase.util
INFO: Previously run:               0
mar. 04, 2025 6:55:35 PM liquibase.util
INFO: Filtered out:                 0
mar. 04, 2025 6:55:35 PM liquibase.util
INFO: -------------------------------
mar. 04, 2025 6:55:35 PM liquibase.util
INFO: Total change sets:            1
mar. 04, 2025 6:55:35 PM liquibase.util
INFO: Update summary generated
mar. 04, 2025 6:55:35 PM liquibase.command
INFO: Update command completed successfully.
Liquibase: Update has been successful. Rows affected: 1
mar. 04, 2025 6:55:35 PM liquibase.lockservice
INFO: Successfully released change log lock
mar. 04, 2025 6:55:35 PM liquibase.command
INFO: Command execution complete
